<Entity type="Unknown" resource="Unknown">
  <TransformComponent2D>
    <Position x="1.00" y="1.00" />
    <Velocity x="1.00" y="1.00" /> 
  </TransformComponent2D>

</Entity>
